<?xml version="1.0" encoding="UTF-8"?>
<!-- Generated by org.testng.reporters.JUnitReportReporter -->
<testsuite hostname="DESKTOP-NDVOI8B" failures="0" tests="1" name="monroesports.AppiumTest" time="44.511" errors="0" timestamp="2023-10-12T18:25:34 EEST" skipped="0">
  <testcase classname="monroesports.AppiumTest" name="registrationTest" time="44.511"/>
</testsuite> <!-- monroesports.AppiumTest -->
